app/build/intermediates/proguard-rules/release/aapt_rules.txt
# Referenced at res\layout\main.xml:8
-keep class android.support.v4.view.ViewPager { <init>(...); }

# Referenced at res\layout\abc_alert_dialog_material.xml:41
-keep class android.support.v4.widget.NestedScrollView { <init>(...); }

# Referenced at res\layout\abc_alert_dialog_button_bar_material.xml:43
# Referenced at res\layout\abc_alert_dialog_material.xml:52
# Referenced at res\layout\abc_alert_dialog_material.xml:66
# Referenced at res\layout\abc_alert_dialog_title_material.xml:56
-keep class android.support.v4.widget.Space { <init>(...); }

# Referenced at res\layout\abc_select_dialog_material.xml:23
-keep class android.support.v7.app.AlertController$RecycleListView { <init>(...); }

# Referenced at res\layout\abc_action_menu_item_layout.xml:17
-keep class android.support.v7.view.menu.ActionMenuItemView { <init>(...); }

# Referenced at res\layout\abc_expanded_menu_layout.xml:17
-keep class android.support.v7.view.menu.ExpandedMenuView { <init>(...); }

# Referenced at res\layout\abc_list_menu_item_layout.xml:17
# Referenced at res\layout\abc_popup_menu_item_layout.xml:17
-keep class android.support.v7.view.menu.ListMenuItemView { <init>(...); }

# Referenced at res\layout\abc_screen_toolbar.xml:27
-keep class android.support.v7.widget.ActionBarContainer { <init>(...); }

# Referenced at res\layout\abc_action_mode_bar.xml:19
# Referenced at res\layout\abc_screen_toolbar.xml:43
-keep class android.support.v7.widget.ActionBarContextView { <init>(...); }

# Referenced at res\layout\abc_screen_toolbar.xml:17
-keep class android.support.v7.widget.ActionBarOverlayLayout { <init>(...); }

# Referenced at res\layout\abc_action_menu_layout.xml:17
-keep class android.support.v7.widget.ActionMenuView { <init>(...); }

# Referenced at res\layout\abc_activity_chooser_view.xml:19
-keep class android.support.v7.widget.ActivityChooserView$InnerLayout { <init>(...); }

# Referenced at res\layout\abc_alert_dialog_material.xml:18
-keep class android.support.v7.widget.AlertDialogLayout { <init>(...); }

# Referenced at res\layout\abc_alert_dialog_button_bar_material.xml:26
-keep class android.support.v7.widget.ButtonBarLayout { <init>(...); }

# Referenced at res\layout\abc_screen_content_include.xml:19
-keep class android.support.v7.widget.ContentFrameLayout { <init>(...); }

# Referenced at res\layout\abc_alert_dialog_title_material.xml:45
-keep class android.support.v7.widget.DialogTitle { <init>(...); }

# Referenced at res\layout\abc_screen_simple_overlay_action_mode.xml:23
-keep class android.support.v7.widget.FitWindowsFrameLayout { <init>(...); }

# Referenced at res\layout\abc_dialog_title_material.xml:22
# Referenced at res\layout\abc_screen_simple.xml:17
-keep class android.support.v7.widget.FitWindowsLinearLayout { <init>(...); }

# Referenced at res\layout\abc_search_view.xml:75
-keep class android.support.v7.widget.SearchView$SearchAutoComplete { <init>(...); }

# Referenced at res\layout\abc_screen_toolbar.xml:36
-keep class android.support.v7.widget.Toolbar { <init>(...); }

# Referenced at res\layout\abc_screen_simple.xml:25
# Referenced at res\layout\abc_screen_simple_overlay_action_mode.xml:32
-keep class android.support.v7.widget.ViewStubCompat { <init>(...); }

# Referenced at res\layout\cpv_color_item_circle.xml:9
# Referenced at res\layout\cpv_color_item_square.xml:9
# Referenced at res\layout\cpv_dialog_color_picker.xml:27
# Referenced at res\layout\cpv_dialog_color_picker.xml:43
# Referenced at res\layout\cpv_preference_circle.xml:1
# Referenced at res\layout\cpv_preference_circle_large.xml:1
# Referenced at res\layout\cpv_preference_square.xml:1
# Referenced at res\layout\cpv_preference_square_large.xml:1
-keep class com.jaredrummler.android.colorpicker.ColorPanelView { <init>(...); }

# Referenced at res\layout\cpv_dialog_color_picker.xml:16
# Referenced at res\layout\pref_color.xml:16
-keep class com.jaredrummler.android.colorpicker.ColorPickerView { <init>(...); }

# Referenced at res\layout\cpv_dialog_presets.xml:14
-keep class com.jaredrummler.android.colorpicker.NestedGridView { <init>(...); }

# Referenced at full\release\AndroidManifest.xml:112
-keep class ritik.launcher.DummyActivity { <init>(...); }

# Referenced at full\release\AndroidManifest.xml:86
-keep class ritik.launcher.MainActivity { <init>(...); }

# Referenced at full\release\AndroidManifest.xml:122
-keep class ritik.launcher.SettingsActivity { <init>(...); }

# Referenced at res\xml\preferences.xml:34
# Referenced at res\xml\preferences.xml:38
# Referenced at res\xml\preferences.xml:42
# Referenced at res\xml\preferences.xml:46
# Referenced at res\xml\preferences.xml:78
# Referenced at res\xml\preferences.xml:82
# Referenced at res\xml\preferences.xml:89
# Referenced at res\xml\preferences.xml:94
# Referenced at res\xml\preferences.xml:107
# Referenced at res\xml\preferences.xml:111
# Referenced at res\xml\preferences.xml:116
# Referenced at res\xml\preferences.xml:122
# Referenced at res\xml\preferences.xml:132
# Referenced at res\xml\preferences.xml:136
# Referenced at res\xml\preferences.xml:140
# Referenced at res\xml\preferences.xml:144
# Referenced at res\xml\preferences.xml:148
-keep class ritik.launcher.SwitchPreference { <init>(...); }

# Referenced at full\release\AndroidManifest.xml:160
-keep class ritik.launcher.broadcast.IncomingCallHandler { <init>(...); }

# Referenced at full\release\AndroidManifest.xml:151
-keep class ritik.launcher.broadcast.IncomingSmsHandler { <init>(...); }

# Referenced at full\release\AndroidManifest.xml:169
-keep class ritik.launcher.broadcast.InstallShortcutHandler { <init>(...); }

# Referenced at full\release\AndroidManifest.xml:141
-keep class ritik.launcher.broadcast.LocaleChangedReceiver { <init>(...); }

# Referenced at full\release\AndroidManifest.xml:128
-keep class ritik.launcher.broadcast.PackageAddedRemovedHandler { <init>(...); }

# Referenced at full\release\AndroidManifest.xml:176
-keep class ritik.launcher.broadcast.UninstallShortcutHandler { <init>(...); }

# Referenced at full\release\AndroidManifest.xml:184
-keep class ritik.launcher.dataprovider.AppProvider { <init>(...); }

# Referenced at full\release\AndroidManifest.xml:185
-keep class ritik.launcher.dataprovider.ContactsProvider { <init>(...); }

# Referenced at full\release\AndroidManifest.xml:186
-keep class ritik.launcher.dataprovider.PhoneProvider { <init>(...); }

# Referenced at full\release\AndroidManifest.xml:187
-keep class ritik.launcher.dataprovider.SettingsProvider { <init>(...); }

# Referenced at full\release\AndroidManifest.xml:188
-keep class ritik.launcher.dataprovider.ShortcutsProvider { <init>(...); }

# Referenced at full\release\AndroidManifest.xml:189
-keep class ritik.launcher.dataprovider.TogglesProvider { <init>(...); }

# Referenced at res\xml\preferences.xml:154
-keep class ritik.launcher.preference.DefaultLauncherPreference { <init>(...); }

# Referenced at res\xml\preferences.xml:165
-keep class ritik.launcher.preference.FreezeHistorySwitch { <init>(...); }

# Referenced at res\xml\preferences.xml:63
# Referenced at res\xml\preferences.xml:66
-keep class ritik.launcher.preference.PreferenceColor { <init>(...); }

# Referenced at res\xml\preferences.xml:17
-keep class ritik.launcher.preference.ResetExcludedAppsPreference { <init>(...); }

# Referenced at res\xml\preferences.xml:12
-keep class ritik.launcher.preference.ResetFavoritesPreference { <init>(...); }

# Referenced at res\xml\preferences.xml:7
-keep class ritik.launcher.preference.ResetPreference { <init>(...); }

# Referenced at res\xml\preferences.xml:174
-keep class ritik.launcher.preference.RestartPreference { <init>(...); }

# Referenced at res\xml\preferences.xml:169
-keep class ritik.launcher.preference.RootModeSwitch { <init>(...); }

# Referenced at res\layout\main.xml:21
# Referenced at res\layout\main.xml:31
-keep class ritik.launcher.ui.BlockableListView { <init>(...); }

# Referenced at res\layout\main.xml:42
-keep class ritik.launcher.ui.BottomPullEffectView { <init>(...); }

# Referenced at res\layout\item_contact.xml:17
-keep class ritik.launcher.ui.ImprovedQuickContactBadge { <init>(...); }

# Referenced at res\layout\main.xml:224
-keepclassmembers class * { *** onClearButtonClicked(...); }

# Referenced at res\layout\main.xml:71
# Referenced at res\layout\main.xml:83
# Referenced at res\layout\main.xml:95
# Referenced at res\layout\main.xml:107
# Referenced at res\layout\main.xml:119
# Referenced at res\layout\main.xml:131
# Referenced at res\layout\main_bar.xml:33
# Referenced at res\layout\main_bar.xml:45
# Referenced at res\layout\main_bar.xml:57
# Referenced at res\layout\main_bar.xml:69
# Referenced at res\layout\main_bar.xml:81
# Referenced at res\layout\main_bar.xml:93
-keepclassmembers class * { *** onFavoriteButtonClicked(...); }

# Referenced at res\layout\main_bar.xml:10
-keepclassmembers class * { *** onLauncherButtonClicked(...); }

# Referenced at res\layout\main.xml:191
-keepclassmembers class * { *** onMenuButtonClicked(...); }

# Referenced at res\layout\main.xml:209
-keepclassmembers class * { *** onSearchButtonClicked(...); }