app/build/outputs/mapping/release/seeds.txt
ritik.launcher.DummyActivity
ritik.launcher.DummyActivity: DummyActivity()
ritik.launcher.MainActivity
ritik.launcher.MainActivity: MainActivity()
ritik.launcher.MainActivity: void onMenuButtonClicked(android.view.View)
ritik.launcher.MainActivity: void onClearButtonClicked(android.view.View)
ritik.launcher.MainActivity: void onSearchButtonClicked(android.view.View)
ritik.launcher.MainActivity: void onLauncherButtonClicked(android.view.View)
ritik.launcher.MainActivity: void onFavoriteButtonClicked(android.view.View)
ritik.launcher.R$anim: int abc_fade_in
ritik.launcher.R$anim: int abc_fade_out
ritik.launcher.R$anim: int abc_grow_fade_in_from_bottom
ritik.launcher.R$anim: int abc_popup_enter
ritik.launcher.R$anim: int abc_popup_exit
ritik.launcher.R$anim: int abc_shrink_fade_out_from_bottom
ritik.launcher.R$anim: int abc_slide_in_bottom
ritik.launcher.R$anim: int abc_slide_in_top
ritik.launcher.R$anim: int abc_slide_out_bottom
ritik.launcher.R$anim: int abc_slide_out_top
ritik.launcher.R$array: int colValues
ritik.launcher.R$array: int historyModeEntries
ritik.launcher.R$array: int historyModeValues
ritik.launcher.R$array: int sortAppListEntries
ritik.launcher.R$array: int sortAppListValues
ritik.launcher.R$array: int themesEntries
ritik.launcher.R$array: int themesValues
ritik.launcher.R$attr: int actionBarDivider
ritik.launcher.R$attr: int actionBarItemBackground
ritik.launcher.R$attr: int actionBarPopupTheme
ritik.launcher.R$attr: int actionBarSize
ritik.launcher.R$attr: int actionBarSplitStyle
ritik.launcher.R$attr: int actionBarStyle
ritik.launcher.R$attr: int actionBarTabBarStyle
ritik.launcher.R$attr: int actionBarTabStyle
ritik.launcher.R$attr: int actionBarTabTextStyle
ritik.launcher.R$attr: int actionBarTheme
ritik.launcher.R$attr: int actionBarWidgetTheme
ritik.launcher.R$attr: int actionButtonStyle
ritik.launcher.R$attr: int actionDropDownStyle
ritik.launcher.R$attr: int actionLayout
ritik.launcher.R$attr: int actionMenuTextAppearance
ritik.launcher.R$attr: int actionMenuTextColor
ritik.launcher.R$attr: int actionModeBackground
ritik.launcher.R$attr: int actionModeCloseButtonStyle
ritik.launcher.R$attr: int actionModeCloseDrawable
ritik.launcher.R$attr: int actionModeCopyDrawable
ritik.launcher.R$attr: int actionModeCutDrawable
ritik.launcher.R$attr: int actionModeFindDrawable
ritik.launcher.R$attr: int actionModePasteDrawable
ritik.launcher.R$attr: int actionModePopupWindowStyle
ritik.launcher.R$attr: int actionModeSelectAllDrawable
ritik.launcher.R$attr: int actionModeShareDrawable
ritik.launcher.R$attr: int actionModeSplitBackground
ritik.launcher.R$attr: int actionModeStyle
ritik.launcher.R$attr: int actionModeWebSearchDrawable
ritik.launcher.R$attr: int actionOverflowButtonStyle
ritik.launcher.R$bool: int abc_action_bar_embed_tabs
ritik.launcher.R$bool: int abc_allow_stacked_button_bar
ritik.launcher.R$bool: int abc_config_actionMenuItemAllCaps
ritik.launcher.R$bool: int abc_config_closeDialogWhenTouchOutside
ritik.launcher.R$bool: int abc_config_showMenuShortcutsWhenKeyboardPresent
...
android.support.v7.widget.AppCompatButton: void setBackgroundResource(int)
android.support.v7.widget.AppCompatButton: void setBackgroundDrawable(android.graphics.drawable.Drawable)
android.support.v7.widget.AppCompatButton: void setSupportBackgroundTintList(android.content.res.ColorStateList)
android.support.v7.widget.AppCompatButton: android.content.res.ColorStateList getSupportBackgroundTintList()
android.support.v7.widget.AppCompatButton: void setSupportBackgroundTintMode(android.graphics.PorterDuff$Mode)
android.support.v7.widget.AppCompatButton: android.graphics.PorterDuff$Mode getSupportBackgroundTintMode()
android.support.v7.widget.AppCompatButton: void setSupportAllCaps(boolean)
android.support.v7.widget.AppCompatCheckBox: void setButtonDrawable(android.graphics.drawable.Drawable)
android.support.v7.widget.AppCompatCheckBox: void setButtonDrawable(int)
android.support.v7.widget.AppCompatCheckBox: int getCompoundPaddingLeft()
android.support.v7.widget.AppCompatCheckBox: void setSupportButtonTintList(android.content.res.ColorStateList)
android.support.v7.widget.AppCompatCheckBox: android.content.res.ColorStateList getSupportButtonTintList()
android.support.v7.widget.AppCompatCheckBox: void setSupportButtonTintMode(android.graphics.PorterDuff$Mode)
android.support.v7.widget.AppCompatCheckBox: android.graphics.PorterDuff$Mode getSupportButtonTintMode()
android.support.v7.widget.AppCompatCheckedTextView: void setCheckMarkDrawable(int)
android.support.v7.widget.AppCompatEditText: void setBackgroundResource(int)
android.support.v7.widget.AppCompatEditText: void setBackgroundDrawable(android.graphics.drawable.Drawable)
android.support.v7.widget.AppCompatEditText: void setSupportBackgroundTintList(android.content.res.ColorStateList)
android.support.v7.widget.AppCompatEditText: android.content.res.ColorStateList getSupportBackgroundTintList()
android.support.v7.widget.AppCompatEditText: void setSupportBackgroundTintMode(android.graphics.PorterDuff$Mode)
android.support.v7.widget.AppCompatEditText: android.graphics.PorterDuff$Mode getSupportBackgroundTintMode()
android.support.v7.widget.AppCompatImageButton: void setImageResource(int)
android.support.v7.widget.AppCompatImageButton: void setBackgroundResource(int)
android.support.v7.widget.AppCompatImageButton: void setBackgroundDrawable(android.graphics.drawable.Drawable)
android.support.v7.widget.AppCompatImageButton: void setSupportBackgroundTintList(android.content.res.ColorStateList)
android.support.v7.widget.AppCompatImageButton: android.content.res.ColorStateList getSupportBackgroundTintList()
android.support.v7.widget.AppCompatImageButton: void setSupportBackgroundTintMode(android.graphics.PorterDuff$Mode)
android.support.v7.widget.AppCompatImageButton: android.graphics.PorterDuff$Mode getSupportBackgroundTintMode()
android.support.v7.widget.AppCompatImageView: void setImageResource(int)
android.support.v7.widget.AppCompatImageView: void setBackgroundResource(int)
android.support.v7.widget.AppCompatImageView: void setBackgroundDrawable(android.graphics.drawable.Drawable)
android.support.v7.widget.AppCompatImageView: void setSupportBackgroundTintList(android.content.res.ColorStateList)
android.support.v7.widget.AppCompatImageView: android.content.res.ColorStateList getSupportBackgroundTintList()
android.support.v7.widget.AppCompatImageView: void setSupportBackgroundTintMode(android.graphics.PorterDuff$Mode)
android.support.v7.widget.AppCompatImageView: android.graphics.PorterDuff$Mode getSupportBackgroundTintMode()