app/build/outputs/mapping/release/usage.txt
ritik.launcher.Application:
    public static final int TOUCH_DELAY
    16:17:private Application()
    27:28:public static void setDataHandler(ritik.launcher.DataHandler)
ritik.launcher.BuildConfig
ritik.launcher.CameraHandler:
    public static final java.lang.String TAG
ritik.launcher.DataHandler:
    226:231:public void reloadAll()
ritik.launcher.IconsHandler:
    private static final java.lang.String TAG
ritik.launcher.MainActivity:
    public static final java.lang.String START_LOAD
    public static final java.lang.String LOAD_OVER
    public static final java.lang.String FULL_LOAD_OVER
    private static final int INPUT_TYPE_STANDARD
    private static final int INPUT_TYPE_WORKAROUND
    private static final java.lang.String TAG
ritik.launcher.Manifest
ritik.launcher.Manifest$permission
ritik.launcher.R
ritik.launcher.R$anim
ritik.launcher.R$array
ritik.launcher.R$attr
ritik.launcher.R$bool
ritik.launcher.R$color
ritik.launcher.R$dimen
ritik.launcher.R$drawable
ritik.launcher.R$id
ritik.launcher.R$integer
ritik.launcher.R$layout
ritik.launcher.R$menu
ritik.launcher.R$string
ritik.launcher.R$style
ritik.launcher.R$styleable
ritik.launcher.R$xml
ritik.launcher.SettingsActivity:
    private static final java.lang.String requireRestartSettings
    private static final java.lang.String requireInstantRestart
    244:260:protected void setcolumnno(android.preference.ListPreference)
ritik.launcher.UiTweaks:
    13:13:public UiTweaks()
ritik.launcher.dataprovider.AppProvider:
    256:260:public ritik.launcher.pojo.Pojo findByName(java.lang.String)
ritik.launcher.dataprovider.ContactsProvider:
    133:137:public ritik.launcher.pojo.Pojo findByName(java.lang.String)
ritik.launcher.dataprovider.IProvider:
    public abstract void reload()
ritik.launcher.dataprovider.PhoneProvider:
    public static final java.lang.String PHONE_SCHEME
ritik.launcher.dataprovider.Provider:
    public abstract java.util.ArrayList getResults(java.lang.String)
ritik.launcher.db.DB:
    public static final java.lang.String DB_NAME
    private static final int DB_VERSION
ritik.launcher.db.DBHelper:
    15:16:private DBHelper()
ritik.launcher.loader.LoadSearchPojos
ritik.launcher.normalizer.PhoneNormalizer:
    5:5:public PhoneNormalizer()
ritik.launcher.normalizer.StringNormalizer:
    11:12:private StringNormalizer()
ritik.launcher.pojo.SearchPojo
ritik.launcher.pojo.ShortcutsPojo:
    public static final java.lang.String SCHEME
ritik.launcher.preference.FreezeHistoryPreference
ritik.launcher.preference.FreezeHistoryPreference$1
ritik.launcher.preference.FreezeHistoryPreference$2
ritik.launcher.preference.PreferenceColor:
    private com.jaredrummler.android.colorpicker.ColorPickerDialog colorPickerDialog
ritik.launcher.preference.RootModePreference
ritik.launcher.preference.RootModePreference$1
ritik.launcher.result.ContactsResult:
    173:187:private void launchMessaging(android.content.Context)
    190:204:private void launchCall(android.content.Context)
ritik.launcher.result.ContactsResult$2
ritik.launcher.result.ContactsResult$3
ritik.launcher.searcher.Searcher:
    protected static final int DEFAULT_MAX_RESULTS
ritik.launcher.ui.KeyboardScrollHider:
    private static final int THRESHOLD
    59:61:public void stop()
ritik.launcher.ui.KeyboardScrollHider$KeyboardHandler:
    public abstract void showKeyboard()
ritik.launcher.utils.PackageManagerUtils:
    7:7:public PackageManagerUtils()
...
android.support.v4.media.session.PlaybackStateCompat$Builder
android.support.v4.media.session.PlaybackStateCompat$CustomAction
android.support.v4.media.session.PlaybackStateCompat$CustomAction$1
android.support.v4.media.session.PlaybackStateCompat$CustomAction$Builder
android.support.v4.media.session.PlaybackStateCompat$ErrorCode
android.support.v4.media.session.PlaybackStateCompat$MediaKeyAction
android.support.v4.media.session.PlaybackStateCompat$RepeatMode
android.support.v4.media.session.PlaybackStateCompat$State
android.support.v4.media.session.PlaybackStateCompatApi21
android.support.v4.media.session.PlaybackStateCompatApi21$CustomAction
android.support.v4.media.session.PlaybackStateCompatApi22
android.support.v4.net.ConnectivityManagerCompat
android.support.v4.net.ConnectivityManagerCompat$ConnectivityManagerCompatApi16Impl
android.support.v4.net.ConnectivityManagerCompat$ConnectivityManagerCompatApi24Impl
android.support.v4.net.ConnectivityManagerCompat$ConnectivityManagerCompatBaseImpl
android.support.v4.net.ConnectivityManagerCompat$ConnectivityManagerCompatImpl
android.support.v4.net.ConnectivityManagerCompat$RestrictBackgroundStatus
android.support.v4.net.DatagramSocketWrapper
android.support.v4.net.DatagramSocketWrapper$DatagramSocketImplWrapper
android.support.v4.net.TrafficStatsCompat
android.support.v4.net.TrafficStatsCompat$TrafficStatsCompatApi24Impl
android.support.v4.net.TrafficStatsCompat$TrafficStatsCompatBaseImpl
android.support.v4.os.AsyncTaskCompat
android.support.v4.os.BuildCompat:
    27:28:private BuildCompat()
    43:43:public static boolean isAtLeastN()
    52:52:public static boolean isAtLeastNMR1()
android.support.v4.os.CancellationSignal
android.support.v4.os.CancellationSignal$OnCancelListener
android.support.v4.os.CancellationSignalCompatJellybean
android.support.v4.os.EnvironmentCompat
android.support.v4.os.EnvironmentCompatKitKat
android.support.v4.os.IResultReceiver
android.support.v4.os.IResultReceiver$Stub
android.support.v4.os.IResultReceiver$Stub$Proxy
android.support.v4.os.OperationCanceledException
android.support.v4.os.ParcelableCompat:
    60:60:private ParcelableCompat()
android.support.v4.os.ParcelableCompatCreatorHoneycombMR2Stub:
    24:24:ParcelableCompatCreatorHoneycombMR2Stub()
android.support.v4.os.ResultReceiver
android.support.v4.os.ResultReceiver$1
android.support.v4.os.ResultReceiver$MyResultReceiver
android.support.v4.os.ResultReceiver$MyRunnable
android.support.v4.os.TraceCompat
android.support.v4.os.TraceJellybeanMR2
android.support.v4.os.UserManagerCompat
android.support.v4.os.UserManagerCompatApi24
android.support.v4.print.PrintHelper
android.support.v4.print.PrintHelper$1
android.support.v4.print.PrintHelper$OnPrintFinishCallback
android.support.v4.print.PrintHelper$PrintHelperApi20Impl
android.support.v4.print.PrintHelper$PrintHelperApi23Impl
android.support.v4.print.PrintHelper$PrintHelperApi24Impl
android.support.v4.print.PrintHelper$PrintHelperImpl
android.support.v4.print.PrintHelper$PrintHelperImpl$1
android.support.v4.print.PrintHelper$PrintHelperImpl$2
android.support.v4.print.PrintHelper$PrintHelperKitkatImpl
android.support.v4.print.PrintHelper$PrintHelperStubImpl
android.support.v4.print.PrintHelper$PrintHelperVersionImpl
android.support.v4.print.PrintHelperApi20
android.support.v4.print.PrintHelperApi23
android.support.v4.print.PrintHelperApi24
android.support.v4.print.PrintHelperKitkat
android.support.v4.print.PrintHelperKitkat$1
android.support.v4.print.PrintHelperKitkat$2
android.support.v4.print.PrintHelperKitkat$3
android.support.v4.print.PrintHelperKitkat$3$1
android.support.v4.print.PrintHelperKitkat$3$1$1
android.support.v4.print.PrintHelperKitkat$OnPrintFinishCallback
android.support.v4.provider.DocumentFile
android.support.v4.provider.DocumentsContractApi19
android.support.v4.provider.DocumentsContractApi21
android.support.v4.provider.RawDocumentFile
android.support.v4.provider.SingleDocumentFile
android.support.v4.provider.TreeDocumentFile